{"contracts/CrowdsaleVesting.sol":{"l":{"50":51,"51":51,"52":51,"56":4,"57":4,"59":3,"61":2,"63":2,"65":2,"67":2,"68":2,"69":2,"73":4,"74":3,"76":1,"84":15,"85":14,"87":14,"88":14,"89":7,"91":7,"94":14,"95":2,"98":12,"99":12,"100":1,"103":11,"104":8,"106":11,"107":1,"109":11,"110":2,"113":11,"121":11,"122":11,"124":11,"128":2,"132":1,"136":1,"140":1},"path":"/Users/ideasoft/_development/_projects/dArtflex/smart-contracts-ddao-tokens/contracts/CrowdsaleVesting.sol","s":{"1":51,"2":51,"3":51,"4":4,"5":4,"6":3,"7":2,"8":2,"9":2,"10":2,"11":2,"12":2,"13":4,"14":3,"15":1,"16":15,"17":14,"18":14,"19":14,"20":7,"21":7,"22":14,"23":2,"24":12,"25":12,"26":1,"27":11,"28":8,"29":11,"30":1,"31":11,"32":2,"33":11,"34":11,"35":11,"36":11,"37":2,"38":1,"39":1,"40":1},"b":{"1":[3,1],"2":[2,1],"3":[3,1],"4":[14,1],"5":[7,7],"6":[2,12],"7":[1,11],"8":[8,3],"9":[1,10],"10":[2,9]},"f":{"1":51,"2":4,"3":4,"4":15,"5":11,"6":2,"7":1,"8":1,"9":1},"fnMap":{"1":{"name":"constructor","line":45,"loc":{"start":{"line":45,"column":4},"end":{"line":53,"column":4}}},"2":{"name":"claim","line":55,"loc":{"start":{"line":55,"column":4},"end":{"line":70,"column":4}}},"3":{"name":"balanceOf","line":72,"loc":{"start":{"line":72,"column":4},"end":{"line":77,"column":4}}},"4":{"name":"calculateUnlockedTokens","line":79,"loc":{"start":{"line":79,"column":4},"end":{"line":114,"column":4}}},"5":{"name":"availableTokenByRound","line":116,"loc":{"start":{"line":116,"column":4},"end":{"line":125,"column":4}}},"6":{"name":"lockAddress","line":127,"loc":{"start":{"line":127,"column":4},"end":{"line":129,"column":4}}},"7":{"name":"unlockAddress","line":131,"loc":{"start":{"line":131,"column":4},"end":{"line":133,"column":4}}},"8":{"name":"adminGetCoin","line":135,"loc":{"start":{"line":135,"column":4},"end":{"line":137,"column":4}}},"9":{"name":"adminGetToken","line":139,"loc":{"start":{"line":139,"column":4},"end":{"line":141,"column":4}}}},"statementMap":{"1":{"start":{"line":50,"column":8},"end":{"line":50,"column":27}},"2":{"start":{"line":51,"column":8},"end":{"line":51,"column":29}},"3":{"start":{"line":52,"column":8},"end":{"line":52,"column":29}},"4":{"start":{"line":56,"column":8},"end":{"line":56,"column":60}},"5":{"start":{"line":57,"column":8},"end":{"line":57,"column":70}},"6":{"start":{"line":59,"column":8},"end":{"line":59,"column":96}},"7":{"start":{"line":61,"column":8},"end":{"line":61,"column":56}},"8":{"start":{"line":63,"column":8},"end":{"line":63,"column":70}},"9":{"start":{"line":65,"column":8},"end":{"line":65,"column":50}},"10":{"start":{"line":67,"column":8},"end":{"line":67,"column":71}},"11":{"start":{"line":68,"column":8},"end":{"line":68,"column":48}},"12":{"start":{"line":69,"column":8},"end":{"line":69,"column":118}},"13":{"start":{"line":73,"column":8},"end":{"line":73,"column":2298}},"14":{"start":{"line":74,"column":12},"end":{"line":74,"column":97}},"15":{"start":{"line":76,"column":8},"end":{"line":76,"column":16}},"16":{"start":{"line":84,"column":8},"end":{"line":84,"column":139}},"17":{"start":{"line":85,"column":8},"end":{"line":85,"column":22}},"18":{"start":{"line":87,"column":8},"end":{"line":87,"column":25}},"19":{"start":{"line":88,"column":8},"end":{"line":88,"column":2836}},"20":{"start":{"line":89,"column":12},"end":{"line":89,"column":28}},"21":{"start":{"line":91,"column":12},"end":{"line":91,"column":38}},"22":{"start":{"line":94,"column":8},"end":{"line":94,"column":2962}},"23":{"start":{"line":95,"column":12},"end":{"line":95,"column":25}},"24":{"start":{"line":98,"column":8},"end":{"line":98,"column":56}},"25":{"start":{"line":99,"column":8},"end":{"line":99,"column":3111}},"26":{"start":{"line":100,"column":12},"end":{"line":100,"column":25}},"27":{"start":{"line":103,"column":8},"end":{"line":103,"column":3182}},"28":{"start":{"line":104,"column":12},"end":{"line":104,"column":88}},"29":{"start":{"line":106,"column":8},"end":{"line":106,"column":3318}},"30":{"start":{"line":107,"column":12},"end":{"line":107,"column":96}},"31":{"start":{"line":109,"column":8},"end":{"line":109,"column":3466}},"32":{"start":{"line":110,"column":12},"end":{"line":110,"column":96}},"33":{"start":{"line":113,"column":8},"end":{"line":113,"column":21}},"34":{"start":{"line":121,"column":8},"end":{"line":121,"column":71}},"35":{"start":{"line":122,"column":8},"end":{"line":122,"column":110}},"36":{"start":{"line":124,"column":8},"end":{"line":124,"column":79}},"37":{"start":{"line":128,"column":8},"end":{"line":128,"column":33}},"38":{"start":{"line":132,"column":8},"end":{"line":132,"column":34}},"39":{"start":{"line":136,"column":8},"end":{"line":136,"column":44}},"40":{"start":{"line":140,"column":8},"end":{"line":140,"column":62}}},"branchMap":{"1":{"line":57,"type":"if","locations":[{"start":{"line":57,"column":8},"end":{"line":57,"column":8}},{"start":{"line":57,"column":8},"end":{"line":57,"column":8}}]},"2":{"line":59,"type":"if","locations":[{"start":{"line":59,"column":8},"end":{"line":59,"column":8}},{"start":{"line":59,"column":8},"end":{"line":59,"column":8}}]},"3":{"line":73,"type":"if","locations":[{"start":{"line":73,"column":8},"end":{"line":73,"column":8}},{"start":{"line":73,"column":8},"end":{"line":73,"column":8}}]},"4":{"line":84,"type":"if","locations":[{"start":{"line":84,"column":8},"end":{"line":84,"column":8}},{"start":{"line":84,"column":8},"end":{"line":84,"column":8}}]},"5":{"line":88,"type":"if","locations":[{"start":{"line":88,"column":8},"end":{"line":88,"column":8}},{"start":{"line":88,"column":8},"end":{"line":88,"column":8}}]},"6":{"line":94,"type":"if","locations":[{"start":{"line":94,"column":8},"end":{"line":94,"column":8}},{"start":{"line":94,"column":8},"end":{"line":94,"column":8}}]},"7":{"line":99,"type":"if","locations":[{"start":{"line":99,"column":8},"end":{"line":99,"column":8}},{"start":{"line":99,"column":8},"end":{"line":99,"column":8}}]},"8":{"line":103,"type":"if","locations":[{"start":{"line":103,"column":8},"end":{"line":103,"column":8}},{"start":{"line":103,"column":8},"end":{"line":103,"column":8}}]},"9":{"line":106,"type":"if","locations":[{"start":{"line":106,"column":8},"end":{"line":106,"column":8}},{"start":{"line":106,"column":8},"end":{"line":106,"column":8}}]},"10":{"line":109,"type":"if","locations":[{"start":{"line":109,"column":8},"end":{"line":109,"column":8}},{"start":{"line":109,"column":8},"end":{"line":109,"column":8}}]}}},"contracts/Participants.sol":{"l":{"17":51,"18":51,"19":51,"22":51,"23":51,"24":51,"25":51,"26":51,"27":51,"28":51,"30":51,"31":51,"32":51,"33":51,"34":51,"35":51,"36":51,"37":51,"38":51,"39":51,"40":51,"41":51,"42":51,"43":51,"44":51,"45":51,"46":51,"47":51,"48":51,"49":51,"50":51,"51":51,"52":51,"53":51,"54":51,"55":51,"56":51,"57":51,"58":51,"59":51,"60":51,"61":51,"63":51,"64":51,"65":51,"66":51,"67":51,"68":51,"69":51,"70":51,"71":51,"72":51,"73":51,"74":51,"75":51,"76":51,"77":51,"78":51,"79":51,"80":51,"81":51,"82":51,"83":51,"84":51,"85":51,"86":51,"87":51,"88":51,"89":51,"90":51,"91":51,"92":51,"93":51,"94":51,"95":51,"96":51,"97":51,"98":51,"99":51,"100":51,"101":51,"102":51,"103":51,"104":51,"105":51,"106":51,"107":51,"108":51,"109":51,"110":51,"111":51,"112":51,"113":51,"114":51,"115":51,"116":51,"117":51,"118":51,"119":51,"120":51,"121":51,"122":51,"123":51,"124":51,"125":51,"126":51,"127":51,"128":51,"129":51,"130":51,"131":51,"132":51,"133":51,"134":51,"135":51,"136":51,"137":51,"138":51,"139":51,"140":51,"141":51,"142":51,"143":51,"144":51,"145":51,"146":51,"147":51,"148":51,"149":51,"150":51,"151":51,"152":51,"153":51,"154":51,"155":51,"156":51,"157":51,"158":51,"159":51,"160":51,"161":51,"162":51,"163":51},"path":"/Users/ideasoft/_development/_projects/dArtflex/smart-contracts-ddao-tokens/contracts/Participants.sol","s":{"1":51,"2":51,"3":51,"4":51,"5":51,"6":51,"7":51,"8":51,"9":51,"10":51,"11":51,"12":51,"13":51,"14":51,"15":51,"16":51,"17":51,"18":51,"19":51,"20":51,"21":51,"22":51,"23":51,"24":51,"25":51,"26":51,"27":51,"28":51,"29":51,"30":51,"31":51,"32":51,"33":51,"34":51,"35":51,"36":51,"37":51,"38":51,"39":51,"40":51,"41":51,"42":51,"43":51,"44":51,"45":51,"46":51,"47":51,"48":51,"49":51,"50":51,"51":51,"52":51,"53":51,"54":51,"55":51,"56":51,"57":51,"58":51,"59":51,"60":51,"61":51,"62":51,"63":51,"64":51,"65":51,"66":51,"67":51,"68":51,"69":51,"70":51,"71":51,"72":51,"73":51,"74":51,"75":51,"76":51,"77":51,"78":51,"79":51,"80":51,"81":51,"82":51,"83":51,"84":51,"85":51,"86":51,"87":51,"88":51,"89":51,"90":51,"91":51,"92":51,"93":51,"94":51,"95":51,"96":51,"97":51,"98":51,"99":51,"100":51,"101":51,"102":51,"103":51,"104":51,"105":51,"106":51,"107":51,"108":51,"109":51,"110":51,"111":51,"112":51,"113":51,"114":51,"115":51,"116":51,"117":51,"118":51,"119":51,"120":51,"121":51,"122":51,"123":51,"124":51,"125":51,"126":51,"127":51,"128":51,"129":51,"130":51,"131":51,"132":51,"133":51,"134":51,"135":51,"136":51,"137":51,"138":51,"139":51,"140":51,"141":51,"142":51,"143":51},"b":{},"f":{"1":51},"fnMap":{"1":{"name":"constructor","line":15,"loc":{"start":{"line":15,"column":4},"end":{"line":164,"column":4}}}},"statementMap":{"1":{"start":{"line":17,"column":8},"end":{"line":17,"column":82}},"2":{"start":{"line":18,"column":8},"end":{"line":18,"column":85}},"3":{"start":{"line":19,"column":8},"end":{"line":19,"column":84}},"4":{"start":{"line":22,"column":8},"end":{"line":22,"column":82}},"5":{"start":{"line":23,"column":8},"end":{"line":23,"column":82}},"6":{"start":{"line":24,"column":8},"end":{"line":24,"column":82}},"7":{"start":{"line":25,"column":8},"end":{"line":25,"column":82}},"8":{"start":{"line":26,"column":8},"end":{"line":26,"column":82}},"9":{"start":{"line":27,"column":8},"end":{"line":27,"column":82}},"10":{"start":{"line":28,"column":8},"end":{"line":28,"column":82}},"11":{"start":{"line":30,"column":8},"end":{"line":30,"column":85}},"12":{"start":{"line":31,"column":8},"end":{"line":31,"column":85}},"13":{"start":{"line":32,"column":8},"end":{"line":32,"column":85}},"14":{"start":{"line":33,"column":8},"end":{"line":33,"column":85}},"15":{"start":{"line":34,"column":8},"end":{"line":34,"column":85}},"16":{"start":{"line":35,"column":8},"end":{"line":35,"column":85}},"17":{"start":{"line":36,"column":8},"end":{"line":36,"column":85}},"18":{"start":{"line":37,"column":8},"end":{"line":37,"column":85}},"19":{"start":{"line":38,"column":8},"end":{"line":38,"column":85}},"20":{"start":{"line":39,"column":8},"end":{"line":39,"column":85}},"21":{"start":{"line":40,"column":8},"end":{"line":40,"column":85}},"22":{"start":{"line":41,"column":8},"end":{"line":41,"column":85}},"23":{"start":{"line":42,"column":8},"end":{"line":42,"column":85}},"24":{"start":{"line":43,"column":8},"end":{"line":43,"column":85}},"25":{"start":{"line":44,"column":8},"end":{"line":44,"column":85}},"26":{"start":{"line":45,"column":8},"end":{"line":45,"column":85}},"27":{"start":{"line":46,"column":8},"end":{"line":46,"column":85}},"28":{"start":{"line":47,"column":8},"end":{"line":47,"column":85}},"29":{"start":{"line":48,"column":8},"end":{"line":48,"column":85}},"30":{"start":{"line":49,"column":8},"end":{"line":49,"column":85}},"31":{"start":{"line":50,"column":8},"end":{"line":50,"column":85}},"32":{"start":{"line":51,"column":8},"end":{"line":51,"column":85}},"33":{"start":{"line":52,"column":8},"end":{"line":52,"column":85}},"34":{"start":{"line":53,"column":8},"end":{"line":53,"column":85}},"35":{"start":{"line":54,"column":8},"end":{"line":54,"column":85}},"36":{"start":{"line":55,"column":8},"end":{"line":55,"column":85}},"37":{"start":{"line":56,"column":8},"end":{"line":56,"column":85}},"38":{"start":{"line":57,"column":8},"end":{"line":57,"column":85}},"39":{"start":{"line":58,"column":8},"end":{"line":58,"column":85}},"40":{"start":{"line":59,"column":8},"end":{"line":59,"column":85}},"41":{"start":{"line":60,"column":8},"end":{"line":60,"column":85}},"42":{"start":{"line":61,"column":8},"end":{"line":61,"column":85}},"43":{"start":{"line":63,"column":8},"end":{"line":63,"column":85}},"44":{"start":{"line":64,"column":8},"end":{"line":64,"column":85}},"45":{"start":{"line":65,"column":8},"end":{"line":65,"column":85}},"46":{"start":{"line":66,"column":8},"end":{"line":66,"column":85}},"47":{"start":{"line":67,"column":8},"end":{"line":67,"column":85}},"48":{"start":{"line":68,"column":8},"end":{"line":68,"column":85}},"49":{"start":{"line":69,"column":8},"end":{"line":69,"column":85}},"50":{"start":{"line":70,"column":8},"end":{"line":70,"column":85}},"51":{"start":{"line":71,"column":8},"end":{"line":71,"column":85}},"52":{"start":{"line":72,"column":8},"end":{"line":72,"column":85}},"53":{"start":{"line":73,"column":8},"end":{"line":73,"column":85}},"54":{"start":{"line":74,"column":8},"end":{"line":74,"column":85}},"55":{"start":{"line":75,"column":8},"end":{"line":75,"column":85}},"56":{"start":{"line":76,"column":8},"end":{"line":76,"column":84}},"57":{"start":{"line":77,"column":8},"end":{"line":77,"column":84}},"58":{"start":{"line":78,"column":8},"end":{"line":78,"column":84}},"59":{"start":{"line":79,"column":8},"end":{"line":79,"column":84}},"60":{"start":{"line":80,"column":8},"end":{"line":80,"column":84}},"61":{"start":{"line":81,"column":8},"end":{"line":81,"column":84}},"62":{"start":{"line":82,"column":8},"end":{"line":82,"column":84}},"63":{"start":{"line":83,"column":8},"end":{"line":83,"column":84}},"64":{"start":{"line":84,"column":8},"end":{"line":84,"column":84}},"65":{"start":{"line":85,"column":8},"end":{"line":85,"column":84}},"66":{"start":{"line":86,"column":8},"end":{"line":86,"column":84}},"67":{"start":{"line":87,"column":8},"end":{"line":87,"column":84}},"68":{"start":{"line":88,"column":8},"end":{"line":88,"column":84}},"69":{"start":{"line":89,"column":8},"end":{"line":89,"column":84}},"70":{"start":{"line":90,"column":8},"end":{"line":90,"column":84}},"71":{"start":{"line":91,"column":8},"end":{"line":91,"column":84}},"72":{"start":{"line":92,"column":8},"end":{"line":92,"column":84}},"73":{"start":{"line":93,"column":8},"end":{"line":93,"column":84}},"74":{"start":{"line":94,"column":8},"end":{"line":94,"column":84}},"75":{"start":{"line":95,"column":8},"end":{"line":95,"column":84}},"76":{"start":{"line":96,"column":8},"end":{"line":96,"column":84}},"77":{"start":{"line":97,"column":8},"end":{"line":97,"column":84}},"78":{"start":{"line":98,"column":8},"end":{"line":98,"column":84}},"79":{"start":{"line":99,"column":8},"end":{"line":99,"column":84}},"80":{"start":{"line":100,"column":8},"end":{"line":100,"column":84}},"81":{"start":{"line":101,"column":8},"end":{"line":101,"column":84}},"82":{"start":{"line":102,"column":8},"end":{"line":102,"column":84}},"83":{"start":{"line":103,"column":8},"end":{"line":103,"column":84}},"84":{"start":{"line":104,"column":8},"end":{"line":104,"column":84}},"85":{"start":{"line":105,"column":8},"end":{"line":105,"column":84}},"86":{"start":{"line":106,"column":8},"end":{"line":106,"column":84}},"87":{"start":{"line":107,"column":8},"end":{"line":107,"column":84}},"88":{"start":{"line":108,"column":8},"end":{"line":108,"column":84}},"89":{"start":{"line":109,"column":8},"end":{"line":109,"column":84}},"90":{"start":{"line":110,"column":8},"end":{"line":110,"column":84}},"91":{"start":{"line":111,"column":8},"end":{"line":111,"column":84}},"92":{"start":{"line":112,"column":8},"end":{"line":112,"column":84}},"93":{"start":{"line":113,"column":8},"end":{"line":113,"column":84}},"94":{"start":{"line":114,"column":8},"end":{"line":114,"column":84}},"95":{"start":{"line":115,"column":8},"end":{"line":115,"column":84}},"96":{"start":{"line":116,"column":8},"end":{"line":116,"column":84}},"97":{"start":{"line":117,"column":8},"end":{"line":117,"column":84}},"98":{"start":{"line":118,"column":8},"end":{"line":118,"column":84}},"99":{"start":{"line":119,"column":8},"end":{"line":119,"column":84}},"100":{"start":{"line":120,"column":8},"end":{"line":120,"column":84}},"101":{"start":{"line":121,"column":8},"end":{"line":121,"column":84}},"102":{"start":{"line":122,"column":8},"end":{"line":122,"column":84}},"103":{"start":{"line":123,"column":8},"end":{"line":123,"column":84}},"104":{"start":{"line":124,"column":8},"end":{"line":124,"column":84}},"105":{"start":{"line":125,"column":8},"end":{"line":125,"column":84}},"106":{"start":{"line":126,"column":8},"end":{"line":126,"column":84}},"107":{"start":{"line":127,"column":8},"end":{"line":127,"column":84}},"108":{"start":{"line":128,"column":8},"end":{"line":128,"column":84}},"109":{"start":{"line":129,"column":8},"end":{"line":129,"column":84}},"110":{"start":{"line":130,"column":8},"end":{"line":130,"column":84}},"111":{"start":{"line":131,"column":8},"end":{"line":131,"column":84}},"112":{"start":{"line":132,"column":8},"end":{"line":132,"column":84}},"113":{"start":{"line":133,"column":8},"end":{"line":133,"column":84}},"114":{"start":{"line":134,"column":8},"end":{"line":134,"column":84}},"115":{"start":{"line":135,"column":8},"end":{"line":135,"column":84}},"116":{"start":{"line":136,"column":8},"end":{"line":136,"column":84}},"117":{"start":{"line":137,"column":8},"end":{"line":137,"column":84}},"118":{"start":{"line":138,"column":8},"end":{"line":138,"column":84}},"119":{"start":{"line":139,"column":8},"end":{"line":139,"column":84}},"120":{"start":{"line":140,"column":8},"end":{"line":140,"column":84}},"121":{"start":{"line":141,"column":8},"end":{"line":141,"column":84}},"122":{"start":{"line":142,"column":8},"end":{"line":142,"column":84}},"123":{"start":{"line":143,"column":8},"end":{"line":143,"column":84}},"124":{"start":{"line":144,"column":8},"end":{"line":144,"column":84}},"125":{"start":{"line":145,"column":8},"end":{"line":145,"column":84}},"126":{"start":{"line":146,"column":8},"end":{"line":146,"column":84}},"127":{"start":{"line":147,"column":8},"end":{"line":147,"column":84}},"128":{"start":{"line":148,"column":8},"end":{"line":148,"column":84}},"129":{"start":{"line":149,"column":8},"end":{"line":149,"column":84}},"130":{"start":{"line":150,"column":8},"end":{"line":150,"column":84}},"131":{"start":{"line":151,"column":8},"end":{"line":151,"column":84}},"132":{"start":{"line":152,"column":8},"end":{"line":152,"column":84}},"133":{"start":{"line":153,"column":8},"end":{"line":153,"column":84}},"134":{"start":{"line":154,"column":8},"end":{"line":154,"column":84}},"135":{"start":{"line":155,"column":8},"end":{"line":155,"column":84}},"136":{"start":{"line":156,"column":8},"end":{"line":156,"column":84}},"137":{"start":{"line":157,"column":8},"end":{"line":157,"column":84}},"138":{"start":{"line":158,"column":8},"end":{"line":158,"column":84}},"139":{"start":{"line":159,"column":8},"end":{"line":159,"column":84}},"140":{"start":{"line":160,"column":8},"end":{"line":160,"column":84}},"141":{"start":{"line":161,"column":8},"end":{"line":161,"column":84}},"142":{"start":{"line":162,"column":8},"end":{"line":162,"column":84}},"143":{"start":{"line":163,"column":8},"end":{"line":163,"column":84}}},"branchMap":{}}}