{"contracts/CrowdsaleVesting.sol":{"l":{"46":1050,"47":1050,"48":1050,"52":12,"54":12,"55":11,"56":7,"58":6,"60":6,"62":6,"64":6,"65":6,"66":6,"70":12,"71":12,"72":2,"74":10,"75":7,"77":3,"81":351,"82":350,"84":350,"85":350,"86":333,"88":17,"91":350,"92":2,"95":348,"96":42,"98":348,"99":99,"101":348,"102":207,"105":348,"109":348,"110":348,"112":348,"116":2,"120":1,"124":1,"128":1,"132":1,"133":1,"134":1,"135":1,"136":1},"path":"/Users/ideasoft/_development/_projects/dArtflex/smart-contracts-ddao-tokens/contracts/CrowdsaleVesting.sol","s":{"1":1050,"2":1050,"3":1050,"4":12,"5":12,"6":11,"7":7,"8":6,"9":6,"10":6,"11":6,"12":6,"13":6,"14":12,"15":12,"16":2,"17":10,"18":7,"19":3,"20":351,"21":350,"22":350,"23":350,"24":333,"25":17,"26":350,"27":2,"28":348,"29":42,"30":348,"31":99,"32":348,"33":207,"34":348,"35":348,"36":348,"37":348,"38":2,"39":1,"40":1,"41":1,"42":1,"43":1,"44":1,"45":1,"46":1},"b":{"1":[11,1],"2":[7,4],"3":[6,1],"4":[2,10],"5":[7,3],"6":[350,1],"7":[333,17],"8":[2,348],"9":[42,306],"10":[99,249],"11":[207,141]},"f":{"1":1050,"2":12,"3":12,"4":351,"5":348,"6":2,"7":1,"8":1,"9":1,"10":1},"fnMap":{"1":{"name":"constructor","line":45,"loc":{"start":{"line":45,"column":4},"end":{"line":49,"column":4}}},"2":{"name":"claim","line":51,"loc":{"start":{"line":51,"column":4},"end":{"line":67,"column":4}}},"3":{"name":"getTokensToSend","line":69,"loc":{"start":{"line":69,"column":4},"end":{"line":78,"column":4}}},"4":{"name":"calculateUnlockedTokens","line":80,"loc":{"start":{"line":80,"column":4},"end":{"line":106,"column":4}}},"5":{"name":"availableTokenByRound","line":108,"loc":{"start":{"line":108,"column":4},"end":{"line":113,"column":4}}},"6":{"name":"lockAddress","line":115,"loc":{"start":{"line":115,"column":4},"end":{"line":117,"column":4}}},"7":{"name":"unlockAddress","line":119,"loc":{"start":{"line":119,"column":4},"end":{"line":121,"column":4}}},"8":{"name":"adminGetCoin","line":123,"loc":{"start":{"line":123,"column":4},"end":{"line":125,"column":4}}},"9":{"name":"adminGetToken","line":127,"loc":{"start":{"line":127,"column":4},"end":{"line":129,"column":4}}},"10":{"name":"balanceOf","line":131,"loc":{"start":{"line":131,"column":4},"end":{"line":137,"column":4}}}},"statementMap":{"1":{"start":{"line":46,"column":8},"end":{"line":46,"column":27}},"2":{"start":{"line":47,"column":8},"end":{"line":47,"column":29}},"3":{"start":{"line":48,"column":8},"end":{"line":48,"column":29}},"4":{"start":{"line":52,"column":8},"end":{"line":52,"column":66}},"5":{"start":{"line":54,"column":8},"end":{"line":54,"column":156}},"6":{"start":{"line":55,"column":8},"end":{"line":55,"column":70}},"7":{"start":{"line":56,"column":8},"end":{"line":56,"column":96}},"8":{"start":{"line":58,"column":8},"end":{"line":58,"column":56}},"9":{"start":{"line":60,"column":8},"end":{"line":60,"column":70}},"10":{"start":{"line":62,"column":8},"end":{"line":62,"column":50}},"11":{"start":{"line":64,"column":8},"end":{"line":64,"column":71}},"12":{"start":{"line":65,"column":8},"end":{"line":65,"column":48}},"13":{"start":{"line":66,"column":8},"end":{"line":66,"column":118}},"14":{"start":{"line":70,"column":8},"end":{"line":70,"column":56}},"15":{"start":{"line":71,"column":8},"end":{"line":71,"column":2495}},"16":{"start":{"line":72,"column":12},"end":{"line":72,"column":20}},"17":{"start":{"line":74,"column":8},"end":{"line":74,"column":2560}},"18":{"start":{"line":75,"column":12},"end":{"line":75,"column":97}},"19":{"start":{"line":77,"column":8},"end":{"line":77,"column":16}},"20":{"start":{"line":81,"column":8},"end":{"line":81,"column":139}},"21":{"start":{"line":82,"column":8},"end":{"line":82,"column":22}},"22":{"start":{"line":84,"column":8},"end":{"line":84,"column":25}},"23":{"start":{"line":85,"column":8},"end":{"line":85,"column":3068}},"24":{"start":{"line":86,"column":12},"end":{"line":86,"column":28}},"25":{"start":{"line":88,"column":12},"end":{"line":88,"column":38}},"26":{"start":{"line":91,"column":8},"end":{"line":91,"column":3194}},"27":{"start":{"line":92,"column":12},"end":{"line":92,"column":25}},"28":{"start":{"line":95,"column":8},"end":{"line":95,"column":3285}},"29":{"start":{"line":96,"column":12},"end":{"line":96,"column":88}},"30":{"start":{"line":98,"column":8},"end":{"line":98,"column":3421}},"31":{"start":{"line":99,"column":12},"end":{"line":99,"column":96}},"32":{"start":{"line":101,"column":8},"end":{"line":101,"column":3569}},"33":{"start":{"line":102,"column":12},"end":{"line":102,"column":96}},"34":{"start":{"line":105,"column":8},"end":{"line":105,"column":21}},"35":{"start":{"line":109,"column":8},"end":{"line":109,"column":71}},"36":{"start":{"line":110,"column":8},"end":{"line":110,"column":110}},"37":{"start":{"line":112,"column":8},"end":{"line":112,"column":79}},"38":{"start":{"line":116,"column":8},"end":{"line":116,"column":33}},"39":{"start":{"line":120,"column":8},"end":{"line":120,"column":34}},"40":{"start":{"line":124,"column":8},"end":{"line":124,"column":44}},"41":{"start":{"line":128,"column":8},"end":{"line":128,"column":62}},"42":{"start":{"line":132,"column":8},"end":{"line":132,"column":22}},"43":{"start":{"line":133,"column":8},"end":{"line":133,"column":60}},"44":{"start":{"line":134,"column":8},"end":{"line":134,"column":64}},"45":{"start":{"line":135,"column":8},"end":{"line":135,"column":64}},"46":{"start":{"line":136,"column":8},"end":{"line":136,"column":21}}},"branchMap":{"1":{"line":54,"type":"if","locations":[{"start":{"line":54,"column":8},"end":{"line":54,"column":8}},{"start":{"line":54,"column":8},"end":{"line":54,"column":8}}]},"2":{"line":55,"type":"if","locations":[{"start":{"line":55,"column":8},"end":{"line":55,"column":8}},{"start":{"line":55,"column":8},"end":{"line":55,"column":8}}]},"3":{"line":56,"type":"if","locations":[{"start":{"line":56,"column":8},"end":{"line":56,"column":8}},{"start":{"line":56,"column":8},"end":{"line":56,"column":8}}]},"4":{"line":71,"type":"if","locations":[{"start":{"line":71,"column":8},"end":{"line":71,"column":8}},{"start":{"line":71,"column":8},"end":{"line":71,"column":8}}]},"5":{"line":74,"type":"if","locations":[{"start":{"line":74,"column":8},"end":{"line":74,"column":8}},{"start":{"line":74,"column":8},"end":{"line":74,"column":8}}]},"6":{"line":81,"type":"if","locations":[{"start":{"line":81,"column":8},"end":{"line":81,"column":8}},{"start":{"line":81,"column":8},"end":{"line":81,"column":8}}]},"7":{"line":85,"type":"if","locations":[{"start":{"line":85,"column":8},"end":{"line":85,"column":8}},{"start":{"line":85,"column":8},"end":{"line":85,"column":8}}]},"8":{"line":91,"type":"if","locations":[{"start":{"line":91,"column":8},"end":{"line":91,"column":8}},{"start":{"line":91,"column":8},"end":{"line":91,"column":8}}]},"9":{"line":95,"type":"if","locations":[{"start":{"line":95,"column":8},"end":{"line":95,"column":8}},{"start":{"line":95,"column":8},"end":{"line":95,"column":8}}]},"10":{"line":98,"type":"if","locations":[{"start":{"line":98,"column":8},"end":{"line":98,"column":8}},{"start":{"line":98,"column":8},"end":{"line":98,"column":8}}]},"11":{"line":101,"type":"if","locations":[{"start":{"line":101,"column":8},"end":{"line":101,"column":8}},{"start":{"line":101,"column":8},"end":{"line":101,"column":8}}]}}},"contracts/Participants.sol":{"l":{"17":1050,"18":1050,"19":1050,"22":1050,"23":1050,"24":1050,"25":1050,"26":1050,"27":1050,"28":1050,"30":1050,"31":1050,"32":1050,"33":1050,"34":1050,"35":1050,"36":1050,"37":1050,"38":1050,"39":1050,"40":1050,"41":1050,"42":1050,"43":1050,"44":1050,"45":1050,"46":1050,"47":1050,"48":1050,"49":1050,"50":1050,"51":1050,"52":1050,"53":1050,"54":1050,"55":1050,"56":1050,"57":1050,"58":1050,"59":1050,"60":1050,"61":1050,"63":1050,"64":1050,"65":1050,"66":1050,"67":1050,"68":1050,"69":1050,"70":1050,"71":1050,"72":1050,"73":1050,"74":1050,"75":1050,"76":1050,"77":1050,"78":1050,"79":1050,"80":1050,"81":1050,"82":1050,"83":1050,"84":1050,"85":1050,"86":1050,"87":1050,"88":1050,"89":1050,"90":1050,"91":1050,"92":1050,"93":1050,"94":1050,"95":1050,"96":1050,"97":1050,"98":1050,"99":1050,"100":1050,"101":1050,"102":1050,"103":1050,"104":1050,"105":1050,"106":1050,"107":1050,"108":1050,"109":1050,"110":1050,"111":1050,"112":1050,"113":1050,"114":1050,"115":1050,"116":1050,"117":1050,"118":1050,"119":1050,"120":1050,"121":1050,"122":1050,"123":1050,"124":1050,"125":1050,"126":1050,"127":1050,"128":1050,"129":1050,"130":1050,"131":1050,"132":1050,"133":1050,"134":1050,"135":1050,"136":1050,"137":1050,"138":1050,"139":1050,"140":1050,"141":1050,"142":1050,"143":1050,"144":1050,"145":1050,"146":1050,"147":1050,"148":1050,"149":1050,"150":1050,"151":1050,"152":1050,"153":1050,"154":1050,"155":1050,"156":1050,"157":1050,"158":1050,"159":1050,"160":1050,"161":1050,"162":1050,"163":1050},"path":"/Users/ideasoft/_development/_projects/dArtflex/smart-contracts-ddao-tokens/contracts/Participants.sol","s":{"1":1050,"2":1050,"3":1050,"4":1050,"5":1050,"6":1050,"7":1050,"8":1050,"9":1050,"10":1050,"11":1050,"12":1050,"13":1050,"14":1050,"15":1050,"16":1050,"17":1050,"18":1050,"19":1050,"20":1050,"21":1050,"22":1050,"23":1050,"24":1050,"25":1050,"26":1050,"27":1050,"28":1050,"29":1050,"30":1050,"31":1050,"32":1050,"33":1050,"34":1050,"35":1050,"36":1050,"37":1050,"38":1050,"39":1050,"40":1050,"41":1050,"42":1050,"43":1050,"44":1050,"45":1050,"46":1050,"47":1050,"48":1050,"49":1050,"50":1050,"51":1050,"52":1050,"53":1050,"54":1050,"55":1050,"56":1050,"57":1050,"58":1050,"59":1050,"60":1050,"61":1050,"62":1050,"63":1050,"64":1050,"65":1050,"66":1050,"67":1050,"68":1050,"69":1050,"70":1050,"71":1050,"72":1050,"73":1050,"74":1050,"75":1050,"76":1050,"77":1050,"78":1050,"79":1050,"80":1050,"81":1050,"82":1050,"83":1050,"84":1050,"85":1050,"86":1050,"87":1050,"88":1050,"89":1050,"90":1050,"91":1050,"92":1050,"93":1050,"94":1050,"95":1050,"96":1050,"97":1050,"98":1050,"99":1050,"100":1050,"101":1050,"102":1050,"103":1050,"104":1050,"105":1050,"106":1050,"107":1050,"108":1050,"109":1050,"110":1050,"111":1050,"112":1050,"113":1050,"114":1050,"115":1050,"116":1050,"117":1050,"118":1050,"119":1050,"120":1050,"121":1050,"122":1050,"123":1050,"124":1050,"125":1050,"126":1050,"127":1050,"128":1050,"129":1050,"130":1050,"131":1050,"132":1050,"133":1050,"134":1050,"135":1050,"136":1050,"137":1050,"138":1050,"139":1050,"140":1050,"141":1050,"142":1050,"143":1050},"b":{},"f":{"1":1050},"fnMap":{"1":{"name":"constructor","line":15,"loc":{"start":{"line":15,"column":4},"end":{"line":164,"column":4}}}},"statementMap":{"1":{"start":{"line":17,"column":8},"end":{"line":17,"column":82}},"2":{"start":{"line":18,"column":8},"end":{"line":18,"column":85}},"3":{"start":{"line":19,"column":8},"end":{"line":19,"column":84}},"4":{"start":{"line":22,"column":8},"end":{"line":22,"column":82}},"5":{"start":{"line":23,"column":8},"end":{"line":23,"column":82}},"6":{"start":{"line":24,"column":8},"end":{"line":24,"column":82}},"7":{"start":{"line":25,"column":8},"end":{"line":25,"column":82}},"8":{"start":{"line":26,"column":8},"end":{"line":26,"column":82}},"9":{"start":{"line":27,"column":8},"end":{"line":27,"column":82}},"10":{"start":{"line":28,"column":8},"end":{"line":28,"column":82}},"11":{"start":{"line":30,"column":8},"end":{"line":30,"column":85}},"12":{"start":{"line":31,"column":8},"end":{"line":31,"column":85}},"13":{"start":{"line":32,"column":8},"end":{"line":32,"column":85}},"14":{"start":{"line":33,"column":8},"end":{"line":33,"column":85}},"15":{"start":{"line":34,"column":8},"end":{"line":34,"column":85}},"16":{"start":{"line":35,"column":8},"end":{"line":35,"column":85}},"17":{"start":{"line":36,"column":8},"end":{"line":36,"column":85}},"18":{"start":{"line":37,"column":8},"end":{"line":37,"column":85}},"19":{"start":{"line":38,"column":8},"end":{"line":38,"column":85}},"20":{"start":{"line":39,"column":8},"end":{"line":39,"column":85}},"21":{"start":{"line":40,"column":8},"end":{"line":40,"column":85}},"22":{"start":{"line":41,"column":8},"end":{"line":41,"column":85}},"23":{"start":{"line":42,"column":8},"end":{"line":42,"column":85}},"24":{"start":{"line":43,"column":8},"end":{"line":43,"column":85}},"25":{"start":{"line":44,"column":8},"end":{"line":44,"column":85}},"26":{"start":{"line":45,"column":8},"end":{"line":45,"column":85}},"27":{"start":{"line":46,"column":8},"end":{"line":46,"column":85}},"28":{"start":{"line":47,"column":8},"end":{"line":47,"column":85}},"29":{"start":{"line":48,"column":8},"end":{"line":48,"column":85}},"30":{"start":{"line":49,"column":8},"end":{"line":49,"column":85}},"31":{"start":{"line":50,"column":8},"end":{"line":50,"column":85}},"32":{"start":{"line":51,"column":8},"end":{"line":51,"column":85}},"33":{"start":{"line":52,"column":8},"end":{"line":52,"column":85}},"34":{"start":{"line":53,"column":8},"end":{"line":53,"column":85}},"35":{"start":{"line":54,"column":8},"end":{"line":54,"column":85}},"36":{"start":{"line":55,"column":8},"end":{"line":55,"column":85}},"37":{"start":{"line":56,"column":8},"end":{"line":56,"column":85}},"38":{"start":{"line":57,"column":8},"end":{"line":57,"column":85}},"39":{"start":{"line":58,"column":8},"end":{"line":58,"column":85}},"40":{"start":{"line":59,"column":8},"end":{"line":59,"column":85}},"41":{"start":{"line":60,"column":8},"end":{"line":60,"column":85}},"42":{"start":{"line":61,"column":8},"end":{"line":61,"column":85}},"43":{"start":{"line":63,"column":8},"end":{"line":63,"column":85}},"44":{"start":{"line":64,"column":8},"end":{"line":64,"column":85}},"45":{"start":{"line":65,"column":8},"end":{"line":65,"column":85}},"46":{"start":{"line":66,"column":8},"end":{"line":66,"column":85}},"47":{"start":{"line":67,"column":8},"end":{"line":67,"column":85}},"48":{"start":{"line":68,"column":8},"end":{"line":68,"column":85}},"49":{"start":{"line":69,"column":8},"end":{"line":69,"column":85}},"50":{"start":{"line":70,"column":8},"end":{"line":70,"column":85}},"51":{"start":{"line":71,"column":8},"end":{"line":71,"column":85}},"52":{"start":{"line":72,"column":8},"end":{"line":72,"column":85}},"53":{"start":{"line":73,"column":8},"end":{"line":73,"column":85}},"54":{"start":{"line":74,"column":8},"end":{"line":74,"column":85}},"55":{"start":{"line":75,"column":8},"end":{"line":75,"column":85}},"56":{"start":{"line":76,"column":8},"end":{"line":76,"column":84}},"57":{"start":{"line":77,"column":8},"end":{"line":77,"column":84}},"58":{"start":{"line":78,"column":8},"end":{"line":78,"column":84}},"59":{"start":{"line":79,"column":8},"end":{"line":79,"column":84}},"60":{"start":{"line":80,"column":8},"end":{"line":80,"column":84}},"61":{"start":{"line":81,"column":8},"end":{"line":81,"column":84}},"62":{"start":{"line":82,"column":8},"end":{"line":82,"column":84}},"63":{"start":{"line":83,"column":8},"end":{"line":83,"column":84}},"64":{"start":{"line":84,"column":8},"end":{"line":84,"column":84}},"65":{"start":{"line":85,"column":8},"end":{"line":85,"column":84}},"66":{"start":{"line":86,"column":8},"end":{"line":86,"column":84}},"67":{"start":{"line":87,"column":8},"end":{"line":87,"column":84}},"68":{"start":{"line":88,"column":8},"end":{"line":88,"column":84}},"69":{"start":{"line":89,"column":8},"end":{"line":89,"column":84}},"70":{"start":{"line":90,"column":8},"end":{"line":90,"column":84}},"71":{"start":{"line":91,"column":8},"end":{"line":91,"column":84}},"72":{"start":{"line":92,"column":8},"end":{"line":92,"column":84}},"73":{"start":{"line":93,"column":8},"end":{"line":93,"column":84}},"74":{"start":{"line":94,"column":8},"end":{"line":94,"column":84}},"75":{"start":{"line":95,"column":8},"end":{"line":95,"column":84}},"76":{"start":{"line":96,"column":8},"end":{"line":96,"column":84}},"77":{"start":{"line":97,"column":8},"end":{"line":97,"column":84}},"78":{"start":{"line":98,"column":8},"end":{"line":98,"column":84}},"79":{"start":{"line":99,"column":8},"end":{"line":99,"column":84}},"80":{"start":{"line":100,"column":8},"end":{"line":100,"column":84}},"81":{"start":{"line":101,"column":8},"end":{"line":101,"column":84}},"82":{"start":{"line":102,"column":8},"end":{"line":102,"column":84}},"83":{"start":{"line":103,"column":8},"end":{"line":103,"column":84}},"84":{"start":{"line":104,"column":8},"end":{"line":104,"column":84}},"85":{"start":{"line":105,"column":8},"end":{"line":105,"column":84}},"86":{"start":{"line":106,"column":8},"end":{"line":106,"column":84}},"87":{"start":{"line":107,"column":8},"end":{"line":107,"column":84}},"88":{"start":{"line":108,"column":8},"end":{"line":108,"column":84}},"89":{"start":{"line":109,"column":8},"end":{"line":109,"column":84}},"90":{"start":{"line":110,"column":8},"end":{"line":110,"column":84}},"91":{"start":{"line":111,"column":8},"end":{"line":111,"column":84}},"92":{"start":{"line":112,"column":8},"end":{"line":112,"column":84}},"93":{"start":{"line":113,"column":8},"end":{"line":113,"column":84}},"94":{"start":{"line":114,"column":8},"end":{"line":114,"column":84}},"95":{"start":{"line":115,"column":8},"end":{"line":115,"column":84}},"96":{"start":{"line":116,"column":8},"end":{"line":116,"column":84}},"97":{"start":{"line":117,"column":8},"end":{"line":117,"column":84}},"98":{"start":{"line":118,"column":8},"end":{"line":118,"column":84}},"99":{"start":{"line":119,"column":8},"end":{"line":119,"column":84}},"100":{"start":{"line":120,"column":8},"end":{"line":120,"column":84}},"101":{"start":{"line":121,"column":8},"end":{"line":121,"column":84}},"102":{"start":{"line":122,"column":8},"end":{"line":122,"column":84}},"103":{"start":{"line":123,"column":8},"end":{"line":123,"column":84}},"104":{"start":{"line":124,"column":8},"end":{"line":124,"column":84}},"105":{"start":{"line":125,"column":8},"end":{"line":125,"column":84}},"106":{"start":{"line":126,"column":8},"end":{"line":126,"column":84}},"107":{"start":{"line":127,"column":8},"end":{"line":127,"column":84}},"108":{"start":{"line":128,"column":8},"end":{"line":128,"column":84}},"109":{"start":{"line":129,"column":8},"end":{"line":129,"column":84}},"110":{"start":{"line":130,"column":8},"end":{"line":130,"column":84}},"111":{"start":{"line":131,"column":8},"end":{"line":131,"column":84}},"112":{"start":{"line":132,"column":8},"end":{"line":132,"column":84}},"113":{"start":{"line":133,"column":8},"end":{"line":133,"column":84}},"114":{"start":{"line":134,"column":8},"end":{"line":134,"column":84}},"115":{"start":{"line":135,"column":8},"end":{"line":135,"column":84}},"116":{"start":{"line":136,"column":8},"end":{"line":136,"column":84}},"117":{"start":{"line":137,"column":8},"end":{"line":137,"column":84}},"118":{"start":{"line":138,"column":8},"end":{"line":138,"column":84}},"119":{"start":{"line":139,"column":8},"end":{"line":139,"column":84}},"120":{"start":{"line":140,"column":8},"end":{"line":140,"column":84}},"121":{"start":{"line":141,"column":8},"end":{"line":141,"column":84}},"122":{"start":{"line":142,"column":8},"end":{"line":142,"column":84}},"123":{"start":{"line":143,"column":8},"end":{"line":143,"column":84}},"124":{"start":{"line":144,"column":8},"end":{"line":144,"column":84}},"125":{"start":{"line":145,"column":8},"end":{"line":145,"column":84}},"126":{"start":{"line":146,"column":8},"end":{"line":146,"column":84}},"127":{"start":{"line":147,"column":8},"end":{"line":147,"column":84}},"128":{"start":{"line":148,"column":8},"end":{"line":148,"column":84}},"129":{"start":{"line":149,"column":8},"end":{"line":149,"column":84}},"130":{"start":{"line":150,"column":8},"end":{"line":150,"column":84}},"131":{"start":{"line":151,"column":8},"end":{"line":151,"column":84}},"132":{"start":{"line":152,"column":8},"end":{"line":152,"column":84}},"133":{"start":{"line":153,"column":8},"end":{"line":153,"column":84}},"134":{"start":{"line":154,"column":8},"end":{"line":154,"column":84}},"135":{"start":{"line":155,"column":8},"end":{"line":155,"column":84}},"136":{"start":{"line":156,"column":8},"end":{"line":156,"column":84}},"137":{"start":{"line":157,"column":8},"end":{"line":157,"column":84}},"138":{"start":{"line":158,"column":8},"end":{"line":158,"column":84}},"139":{"start":{"line":159,"column":8},"end":{"line":159,"column":84}},"140":{"start":{"line":160,"column":8},"end":{"line":160,"column":84}},"141":{"start":{"line":161,"column":8},"end":{"line":161,"column":84}},"142":{"start":{"line":162,"column":8},"end":{"line":162,"column":84}},"143":{"start":{"line":163,"column":8},"end":{"line":163,"column":84}}},"branchMap":{}}}